0 verbose cli /usr/local/bin/node /usr/local/bin/npm
1 info using npm@8.19.3
2 info using node@v17.9.1
3 timing npm:load:whichnode Completed in 1ms
4 timing config:load:defaults Completed in 8ms
5 timing config:load:file:/usr/local/lib/node_modules/npm/npmrc Completed in 2ms
6 timing config:load:builtin Completed in 3ms
7 timing config:load:cli Completed in 2ms
8 timing config:load:env Completed in 1ms
9 timing config:load:project Completed in 96ms
10 timing config:load:file:/home/container/.npmrc Completed in 0ms
11 timing config:load:user Completed in 1ms
12 timing config:load:file:/usr/local/etc/npmrc Completed in 1ms
13 timing config:load:global Completed in 1ms
14 timing config:load:validate Completed in 0ms
15 timing config:load:credentials Completed in 1ms
16 timing config:load:setEnvs Completed in 1ms
17 timing config:load Completed in 115ms
18 timing npm:load:configload Completed in 115ms
19 timing npm:load:mkdirpcache Completed in 2ms
20 timing npm:load:mkdirplogs Completed in 1ms
21 verbose title npm install
22 verbose argv "install"
23 timing npm:load:setTitle Completed in 2ms
24 timing config:load:flatten Completed in 5ms
25 timing npm:load:display Completed in 8ms
26 verbose logfile logs-max:10 dir:/home/container/.npm/_logs
27 verbose logfile /home/container/.npm/_logs/2023-01-12T06_11_59_042Z-debug-0.log
28 timing npm:load:logFile Completed in 79ms
29 timing npm:load:timers Completed in 0ms
30 timing npm:load:configScope Completed in 1ms
31 timing npm:load Completed in 210ms
32 timing arborist:ctor Completed in 1ms
33 silly logfile start cleaning logs, removing 1 files
34 silly logfile done cleaning log files
35 timing idealTree:init Completed in 2209ms
36 timing idealTree:userRequests Completed in 1ms
37 silly idealTree buildDeps
38 timing idealTree:#root Completed in 1ms
39 timing idealTree:buildDeps Completed in 4ms
40 timing idealTree:fixDepFlags Completed in 0ms
41 timing idealTree Completed in 2316ms
42 timing arborist:ctor Completed in 1ms
43 timing reify:loadTrees Completed in 4326ms
44 timing reify:diffTrees Completed in 82ms
45 silly reify moves {}
46 timing reify:retireShallow Completed in 2ms
47 timing reify:createSparse Completed in 0ms
48 timing reify:loadBundles Completed in 0ms
49 silly audit bulk request {
49 silly audit   '@adiwajshing/baileys': [ '5.0.0' ],
49 silly audit   'on-exit-leak-free': [ '0.2.0', '2.1.0' ],
49 silly audit   pino: [ '7.11.0', '8.8.0' ],
49 silly audit   'pino-abstract-transport': [ '0.5.0', '1.0.0' ],
49 silly audit   'pino-std-serializers': [ '4.0.0', '6.1.0' ],
49 silly audit   'process-warning': [ '1.0.0', '2.1.0' ],
49 silly audit   'sonic-boom': [ '2.8.0', '3.2.1' ],
49 silly audit   'thread-stream': [ '0.15.2', '2.2.0' ],
49 silly audit   '@adiwajshing/keyed-db': [ '0.2.4' ],
49 silly audit   '@babel/runtime': [ '7.20.7' ],
49 silly audit   '@bochilteam/scraper': [ '2.0.0' ],
49 silly audit   '@hapi/boom': [ '9.1.4' ],
49 silly audit   '@hapi/hoek': [ '9.3.0' ],
49 silly audit   '@jimp/bmp': [ '0.16.2' ],
49 silly audit   '@jimp/core': [ '0.16.2' ],
49 silly audit   'file-type': [ '9.0.0', '16.5.4' ],
49 silly audit   '@jimp/custom': [ '0.16.2' ],
49 silly audit   '@jimp/gif': [ '0.16.2' ],
49 silly audit   '@jimp/jpeg': [ '0.16.2' ],
49 silly audit   '@jimp/plugin-blit': [ '0.16.2' ],
49 silly audit   '@jimp/plugin-blur': [ '0.16.2' ],
49 silly audit   '@jimp/plugin-circle': [ '0.16.2' ],
49 silly audit   '@jimp/plugin-color': [ '0.16.2' ],
49 silly audit   '@jimp/plugin-contain': [ '0.16.2' ],
49 silly audit   '@jimp/plugin-cover': [ '0.16.2' ],
49 silly audit   '@jimp/plugin-crop': [ '0.16.2' ],
49 silly audit   '@jimp/plugin-displace': [ '0.16.2' ],
49 silly audit   '@jimp/plugin-dither': [ '0.16.2' ],
49 silly audit   '@jimp/plugin-fisheye': [ '0.16.2' ],
49 silly audit   '@jimp/plugin-flip': [ '0.16.2' ],
49 silly audit   '@jimp/plugin-gaussian': [ '0.16.2' ],
49 silly audit   '@jimp/plugin-invert': [ '0.16.2' ],
49 silly audit   '@jimp/plugin-mask': [ '0.16.2' ],
49 silly audit   '@jimp/plugin-normalize': [ '0.16.2' ],
49 silly audit   '@jimp/plugin-print': [ '0.16.2' ],
49 silly audit   '@jimp/plugin-resize': [ '0.16.2' ],
49 silly audit   '@jimp/plugin-rotate': [ '0.16.2' ],
49 silly audit   '@jimp/plugin-scale': [ '0.16.2' ],
49 silly audit   '@jimp/plugin-shadow': [ '0.16.2' ],
49 silly audit   '@jimp/plugin-threshold': [ '0.16.2' ],
49 silly audit   '@jimp/plugins': [ '0.16.2' ],
49 silly audit   '@jimp/png': [ '0.16.2' ],
49 silly audit   '@jimp/tiff': [ '0.16.2' ],
49 silly audit   '@jimp/types': [ '0.16.2' ],
49 silly audit   '@jimp/utils': [ '0.16.2' ],
49 silly audit   '@protobufjs/aspromise': [ '1.1.2' ],
49 silly audit   '@protobufjs/base64': [ '1.1.2' ],
49 silly audit   '@protobufjs/codegen': [ '2.0.4' ],
49 silly audit   '@protobufjs/eventemitter': [ '1.1.0' ],
49 silly audit   '@protobufjs/fetch': [ '1.1.0' ],
49 silly audit   '@protobufjs/float': [ '1.0.2' ],
49 silly audit   '@protobufjs/inquire': [ '1.1.0' ],
49 silly audit   '@protobufjs/path': [ '1.1.2' ],
49 silly audit   '@protobufjs/pool': [ '1.1.0' ],
49 silly audit   '@protobufjs/utf8': [ '1.1.0' ],
49 silly audit   '@sindresorhus/is': [ '4.6.0', '0.14.0' ],
49 silly audit   '@szmarczak/http-timer': [ '4.0.6', '1.1.2' ],
49 silly audit   '@tokenizer/token': [ '0.3.0' ],
49 silly audit   '@tootallnate/once': [ '1.1.2' ],
49 silly audit   '@types/cacheable-request': [ '6.0.3' ],
49 silly audit   '@types/http-cache-semantics': [ '4.0.1' ],
49 silly audit   '@types/keyv': [ '3.1.4' ],
49 silly audit   '@types/long': [ '4.0.2' ],
49 silly audit   '@types/node': [ '18.11.18', '16.9.1', '10.17.60' ],
49 silly audit   '@types/responselike': [ '1.0.0' ],
49 silly audit   '@vitalets/google-translate-api': [ '8.0.0' ],
49 silly audit   'cacheable-request': [ '6.1.0', '7.0.2' ],
49 silly audit   'get-stream': [ '5.2.0', '4.1.0' ],
49 silly audit   'lowercase-keys': [ '2.0.0', '1.0.1' ],
49 silly audit   'decompress-response': [ '3.3.0', '6.0.0' ],
49 silly audit   'defer-to-connect': [ '1.1.3', '2.0.1' ],
49 silly audit   got: [ '9.6.0', '11.8.6' ],
49 silly audit   'json-buffer': [ '3.0.0', '3.0.1' ],
49 silly audit   keyv: [ '3.1.0', '4.5.2' ],
49 silly audit   'normalize-url': [ '4.5.1', '6.1.0' ],
49 silly audit   'p-cancelable': [ '1.1.0', '2.1.1' ],
49 silly audit   responselike: [ '1.0.2', '2.0.1' ],
49 silly audit   abab: [ '2.0.6' ],
49 silly audit   'abort-controller': [ '3.0.0' ],
49 silly audit   accepts: [ '1.3.8' ],
49 silly audit   acorn: [ '8.8.1', '7.4.1' ],
49 silly audit   'acorn-globals': [ '6.0.0' ],
49 silly audit   'acorn-walk': [ '7.2.0' ],
49 silly audit   'agent-base': [ '6.0.2' ],
49 silly audit   debug: [ '4.3.4', '2.6.9' ],
49 silly audit   ms: [ '2.1.2', '2.0.0', '2.1.3' ],
49 silly audit   ajv: [ '6.12.6' ],
49 silly audit   'ansi-regex': [ '5.0.1', '2.1.1', '3.0.1' ],
49 silly audit   'ansi-styles': [ '4.3.0', '3.2.1' ],
49 silly audit   'any-base': [ '1.1.0' ],
49 silly audit   'array-back': [ '3.1.0' ],
49 silly audit   'array-flatten': [ '1.1.1' ],
49 silly audit   asn1: [ '0.2.6' ],
49 silly audit   'assert-plus': [ '1.0.0' ],
49 silly audit   async: [ '3.2.4', '2.6.4', '0.9.2' ],
49 silly audit   'async.parallellimit': [ '0.5.2' ],
49 silly audit   'async.util.eachoflimit': [ '0.5.2' ],
49 silly audit   'async.util.isarray': [ '0.5.2' ],
49 silly audit   'async.util.isarraylike': [ '0.5.2' ],
49 silly audit   'async.util.keyiterator': [ '0.5.2' ],
49 silly audit   'async.util.keys': [ '0.5.2' ],
49 silly audit   'async.util.noop': [ '0.5.2' ],
49 silly audit   'async.util.once': [ '0.5.2' ],
49 silly audit   'async.util.onlyonce': [ '0.5.2' ],
49 silly audit   'async.util.parallel': [ '0.5.2' ],
49 silly audit   'async.util.restparam': [ '0.5.2' ],
49 silly audit   asynckit: [ '0.4.0' ],
49 silly audit   'atomic-sleep': [ '1.0.0' ],
49 silly audit   'available-typed-arrays': [ '1.0.5' ],
49 silly audit   'awesome-phonenumber': [ '2.73.0' ],
49 silly audit   'aws-sign2': [ '0.7.0' ],
49 silly audit   aws4: [ '1.12.0' ],
49 silly audit   axios: [ '0.24.0', '0.21.4' ],
49 silly audit   'balanced-match': [ '1.0.2' ],
49 silly audit   'base64-js': [ '1.5.1' ],
49 silly audit   'bcrypt-pbkdf': [ '1.0.2' ],
49 silly audit   biskviit: [ '1.0.1' ],
49 silly audit   'bmp-js': [ '0.1.0' ],
49 silly audit   'body-parser': [ '1.20.1' ],
49 silly audit   boolbase: [ '1.0.0' ],
49 silly audit   boolstring: [ '1.0.2' ],
49 silly audit   'brace-expansion': [ '1.1.11' ],
49 silly audit   'browser-process-hrtime': [ '1.0.0' ],
49 silly audit   buffer: [ '5.7.1', '6.0.3' ],
49 silly audit   'buffer-equal': [ '0.0.1' ],
49 silly audit   bytes: [ '3.1.2' ],
49 silly audit   'cacheable-lookup': [ '5.0.4' ],
49 silly audit   'call-bind': [ '1.0.2' ],
49 silly audit   camelcase: [ '5.3.1' ],
49 silly audit   caseless: [ '0.12.0' ],
49 silly audit   chalk: [ '4.1.2', '2.4.2', '3.0.0' ],
49 silly audit   cheerio: [ '1.0.0-rc.12' ],
49 silly audit   'cheerio-select': [ '2.1.0' ],
49 silly audit   child_process: [ '1.0.2' ],
49 silly audit   'cli-color': [ '1.2.0' ],
49 silly audit   'cli-cursor': [ '3.1.0' ],
49 silly audit   'cli-spinners': [ '2.7.0' ],
49 silly audit   cliui: [ '8.0.1', '6.0.0' ],
49 silly audit   clone: [ '2.1.2', '1.0.4' ],
49 silly audit   'clone-response': [ '1.0.3' ],
49 silly audit   'color-convert': [ '2.0.1', '1.9.3' ],
49 silly audit   'color-name': [ '1.1.4', '1.1.3' ],
49 silly audit   colors: [ '1.4.0' ],
49 silly audit   'combined-stream': [ '1.0.8', '0.0.7' ],
49 silly audit   'command-line-args': [ '5.2.1' ],
49 silly audit   'concat-map': [ '0.0.1' ],
49 silly audit   configstore: [ '5.0.1' ],
49 silly audit   'content-disposition': [ '0.5.4' ],
49 silly audit   'content-type': [ '1.0.4' ],
49 silly audit   cookie: [ '0.5.0' ],
49 silly audit   'cookie-signature': [ '1.0.6' ],
49 silly audit   'core-util-is': [ '1.0.3', '1.0.2' ],
49 silly audit   crypto: [ '1.0.1' ],
49 silly audit   'crypto-random-string': [ '2.0.0' ],
49 silly audit   'css-select': [ '5.1.0' ],
49 silly audit   'css-what': [ '6.1.0' ],
49 silly audit   cssom: [ '0.4.4', '0.3.8' ],
49 silly audit   cssstyle: [ '2.3.0' ],
49 silly audit   'curve25519-js': [ '0.0.4' ],
49 silly audit   d: [ '1.0.1' ],
49 silly audit   dashdash: [ '1.14.1' ],
49 silly audit   dasu: [ '0.4.3' ],
49 silly audit   'data-urls': [ '2.0.0' ],
49 silly audit   decamelize: [ '1.2.0' ],
49 silly audit   'decimal.js': [ '10.4.3' ],
49 silly audit   'mimic-response': [ '3.1.0', '1.0.1' ],
49 silly audit   'deep-is': [ '0.1.4' ],
49 silly audit   defaults: [ '1.0.4' ],
49 silly audit   'delayed-stream': [ '1.0.0', '0.0.5' ],
49 silly audit   depd: [ '2.0.0' ],
49 silly audit   destroy: [ '1.2.0' ],
49 silly audit   dijkstrajs: [ '1.0.2' ],
49 silly audit   'dom-serializer': [ '2.0.0' ],
49 silly audit   'dom-walk': [ '0.1.2' ],
49 silly audit   domelementtype: [ '2.3.0' ],
49 silly audit   domexception: [ '2.0.1' ],
49 silly audit   'webidl-conversions': [ '5.0.0', '3.0.1', '6.1.0' ],
49 silly audit   domhandler: [ '5.0.3' ],
49 silly audit   domutils: [ '3.0.1' ],
49 silly audit   'dot-prop': [ '5.3.0' ],
49 silly audit   duplexer3: [ '0.1.5' ],
49 silly audit   duplexify: [ '4.1.2' ],
49 silly audit   'ecc-jsbn': [ '0.1.2' ],
49 silly audit   'ee-first': [ '1.1.1' ],
49 silly audit   'emoji-regex': [ '8.0.0' ],
49 silly audit   'encode-utf8': [ '1.0.3' ],
49 silly audit   encodeurl: [ '1.0.2' ],
49 silly audit   encoding: [ '0.1.12' ],
49 silly audit   'end-of-stream': [ '1.4.4' ],
49 silly audit   entities: [ '4.4.0' ],
49 silly audit   'es5-ext': [ '0.10.62' ],
49 silly audit   'es6-iterator': [ '2.0.3' ],
49 silly audit   'es6-symbol': [ '3.1.3' ],
49 silly audit   'es6-weak-map': [ '2.0.3' ],
49 silly audit   escalade: [ '3.1.1' ],
49 silly audit   'escape-html': [ '1.0.3' ],
49 silly audit   'escape-string-regexp': [ '1.0.5' ],
49 silly audit   escodegen: [ '2.0.0' ],
49 silly audit   esprima: [ '4.0.1' ],
49 silly audit   estraverse: [ '5.3.0' ],
49 silly audit   esutils: [ '2.0.3' ],
49 silly audit   etag: [ '1.8.1' ],
49 silly audit   'event-emitter': [ '0.3.5' ],
49 silly audit   'event-target-shim': [ '5.0.1' ],
49 silly audit   events: [ '3.3.0' ],
49 silly audit   'exif-parser': [ '0.1.12' ],
49 silly audit   express: [ '4.18.2' ],
49 silly audit   ext: [ '1.7.0' ],
49 silly audit   type: [ '2.7.2', '1.2.0' ],
49 silly audit   extend: [ '3.0.2' ],
49 silly audit   extsprintf: [ '1.3.0', '1.4.1' ],
49 silly audit   'fake-useragent': [ '1.0.1' ],
49 silly audit   'fast-deep-equal': [ '3.1.3' ],
49 silly audit   'fast-json-stable-stringify': [ '2.1.0' ],
49 silly audit   'fast-levenshtein': [ '2.0.6' ],
49 silly audit   'fast-redact': [ '3.1.2' ],
49 silly audit   fetch: [ '1.1.0' ],
49 silly audit   figlet: [ '1.5.2' ],
49 silly audit   finalhandler: [ '1.2.0' ],
49 silly audit   'find-replace': [ '3.0.0' ],
49 silly audit   'find-up': [ '4.1.0' ],
49 silly audit   'fluent-ffmpeg': [ '2.1.2' ],
49 silly audit   'follow-redirects': [ '1.15.2' ],
49 silly audit   'for-each': [ '0.3.3' ],
49 silly audit   'forever-agent': [ '0.6.1' ],
49 silly audit   'form-data': [ '4.0.0', '3.0.1', '2.3.3', '0.2.0' ],
49 silly audit   forwarded: [ '0.2.0' ],
49 silly audit   fresh: [ '0.5.2' ],
49 silly audit   fs: [ '0.0.1-security' ],
49 silly audit   'function-bind': [ '1.1.1' ],
49 silly audit   'futoin-hkdf': [ '1.5.1' ],
49 silly audit   'g-i-s': [ '2.1.6' ],
49 silly audit   'get-caller-file': [ '2.0.5' ],
49 silly audit   'get-intrinsic': [ '1.1.3' ],
49 silly audit   getpass: [ '0.1.7' ],
49 silly audit   gifwrap: [ '0.9.4' ],
49 silly audit   global: [ '4.4.0' ],
49 silly audit   'google-it': [ '1.6.4' ],
49 silly audit   gopd: [ '1.0.1' ],
49 silly audit   'graceful-fs': [ '4.2.10' ],
49 silly audit   'har-schema': [ '2.0.0' ],
49 silly audit   'har-validator': [ '5.1.5' ],
49 silly audit   has: [ '1.0.3' ],
49 silly audit   'has-flag': [ '4.0.0', '3.0.0' ],
49 silly audit   'has-symbols': [ '1.0.3' ],
49 silly audit   'has-tostringtag': [ '1.0.0' ],
49 silly audit   'html-encoding-sniffer': [ '2.0.1' ],
49 silly audit   htmlparser2: [ '8.0.1' ],
49 silly audit   'http-cache-semantics': [ '4.1.0' ],
49 silly audit   'http-errors': [ '2.0.0' ],
49 silly audit   'http-proxy-agent': [ '4.0.1' ],
49 silly audit   'http-signature': [ '1.2.0' ],
49 silly audit   'http2-wrapper': [ '1.0.3' ],
49 silly audit   'https-proxy-agent': [ '5.0.1' ],
49 silly audit   'human-readable': [ '0.2.1' ],
49 silly audit   'human-time': [ '0.0.2' ],
49 silly audit   'hxz-api': [ '1.0.1' ],
49 silly audit   'iconv-lite': [ '0.4.24' ],
49 silly audit   ieee754: [ '1.2.1' ],
49 silly audit   'image-q': [ '4.0.0' ],
49 silly audit   imurmurhash: [ '0.1.4' ],
49 silly audit   inherits: [ '2.0.4', '2.0.3' ],
49 silly audit   'ipaddr.js': [ '1.9.1' ],
49 silly audit   'is-arguments': [ '1.1.1' ],
49 silly audit   'is-callable': [ '1.2.7' ],
49 silly audit   'is-fullwidth-code-point': [ '3.0.0', '2.0.0' ],
49 silly audit   'is-function': [ '1.0.2' ],
49 silly audit   'is-generator-function': [ '1.0.10' ],
49 silly audit   'is-interactive': [ '1.0.0' ],
49 silly audit   'is-obj': [ '2.0.0' ],
49 silly audit   'is-potential-custom-element-name': [ '1.0.1' ],
49 silly audit   'is-promise': [ '2.2.2' ],
49 silly audit   'is-typed-array': [ '1.1.10' ],
49 silly audit   'is-typedarray': [ '1.0.0' ],
49 silly audit   isarray: [ '1.0.0' ],
49 silly audit   isexe: [ '2.0.0' ],
49 silly audit   isstream: [ '0.1.2' ],
49 silly audit   jimp: [ '0.16.2' ],
49 silly audit   'jpeg-js': [ '0.4.4' ],
49 silly audit   jsbn: [ '0.1.1' ],
49 silly audit   jsdom: [ '16.7.0' ],
49 silly audit   parse5: [ '6.0.1', '7.1.2' ],
49 silly audit   ws: [ '7.5.9', '8.12.0' ],
49 silly audit   'json-schema': [ '0.4.0' ],
49 silly audit   'json-schema-traverse': [ '0.4.1' ],
49 silly audit   'json-stringify-safe': [ '5.0.1' ],
49 silly audit   'jsonpath-plus': [ '5.0.7' ],
49 silly audit   jsprim: [ '1.4.2' ],
49 silly audit   keypress: [ '0.2.1' ],
49 silly audit   'kotz-api': [ '1.0.0' ],
49 silly audit   levn: [ '0.3.0' ],
49 silly audit   libsignal: [ '2.0.1' ],
49 silly audit   protobufjs: [ '6.8.8', '6.11.3' ],
49 silly audit   'load-bmfont': [ '1.4.1' ],
49 silly audit   'locate-path': [ '5.0.0' ],
49 silly audit   lodash: [ '4.17.21' ],
49 silly audit   'lodash.camelcase': [ '4.3.0' ],
49 silly audit   'lodash.flatten': [ '4.4.0' ],
49 silly audit   'log-symbols': [ '3.0.0' ],
49 silly audit   'supports-color': [ '5.5.0', '7.2.0' ],
49 silly audit   long: [ '4.0.0' ],
49 silly audit   'lru-queue': [ '0.1.0' ],
49 silly audit   'make-dir': [ '3.1.0' ],
49 silly audit   'media-typer': [ '0.3.0', '1.1.0' ],
49 silly audit   memoizee: [ '0.4.15' ],
49 silly audit   'merge-descriptors': [ '1.0.1' ],
49 silly audit   methods: [ '1.1.2' ],
49 silly audit   mime: [ '1.6.0', '2.6.0' ],
49 silly audit   'mime-db': [ '1.52.0', '1.12.0' ],
49 silly audit   'mime-types': [ '2.1.35', '2.0.14' ],
49 silly audit   'mimic-fn': [ '2.1.0' ],
49 silly audit   'min-document': [ '2.19.0' ],
49 silly audit   minimatch: [ '3.0.8' ],
49 silly audit   minimist: [ '1.2.7' ],
49 silly audit   mkdirp: [ '0.5.6' ],
49 silly audit   moment: [ '2.29.4' ],
49 silly audit   'moment-timezone': [ '0.5.40' ],
49 silly audit   multistream: [ '2.1.1' ],
49 silly audit   'readable-stream': [ '2.3.7', '4.3.0', '3.6.0' ],
49 silly audit   'safe-buffer': [ '5.1.2', '5.2.1' ],
49 silly audit   string_decoder: [ '1.1.1', '1.3.0' ],
49 silly audit   'music-metadata': [ '7.13.1' ],
49 silly audit   'mute-stream': [ '0.0.8' ],
49 silly audit   negotiator: [ '0.6.3' ],
49 silly audit   'next-tick': [ '1.1.0' ],
49 silly audit   'node-cache': [ '5.1.2' ],
49 silly audit   'node-cron': [ '3.0.2' ],
49 silly audit   'node-fetch': [ '2.6.7' ],
49 silly audit   tr46: [ '0.0.3', '2.1.0' ],
49 silly audit   'whatwg-url': [ '5.0.0', '8.7.0' ],
49 silly audit   'node-fzf': [ '0.5.3' ],
49 silly audit   'string-width': [ '2.1.1', '4.2.3' ],
49 silly audit   'strip-ansi': [ '4.0.0', '6.0.1' ],
49 silly audit   'node-gtts': [ '2.0.2' ],
49 silly audit   'node-os-utils': [ '1.3.7' ],
49 silly audit   'node-webpmux': [ '3.1.3' ],
49 silly audit   'nth-check': [ '2.1.1' ],
49 silly audit   nwsapi: [ '2.2.2' ],
49 silly audit   'oauth-sign': [ '0.9.0' ],
49 silly audit   'object-inspect': [ '1.12.2' ],
49 silly audit   omggif: [ '1.0.10' ],
49 silly audit   'on-finished': [ '2.4.1' ],
49 silly audit   once: [ '1.4.0' ],
49 silly audit   onetime: [ '5.1.2' ],
49 silly audit   optionator: [ '0.8.3' ],
49 silly audit   ora: [ '4.1.1' ],
49 silly audit   os: [ '0.1.2' ],
49 silly audit   'p-limit': [ '2.3.0' ],
49 silly audit   'p-locate': [ '4.1.0' ],
49 silly audit   'p-try': [ '2.2.0' ],
49 silly audit   pako: [ '1.0.11' ],
49 silly audit   'parse-bmfont-ascii': [ '1.0.6' ],
49 silly audit   'parse-bmfont-binary': [ '1.0.6' ],
49 silly audit   'parse-bmfont-xml': [ '1.1.4' ],
49 silly audit   'parse-headers': [ '2.0.5' ],
49 silly audit   'parse-ms': [ '2.1.0' ],
49 silly audit   'parse5-htmlparser2-tree-adapter': [ '7.0.0' ],
49 silly audit   parseurl: [ '1.3.3' ],
49 silly audit   path: [ '0.12.7' ],
49 silly audit   'path-exists': [ '4.0.0' ],
49 silly audit   'path-to-regexp': [ '0.1.7' ],
49 silly audit   util: [ '0.10.4', '0.12.5' ],
49 silly audit   'peek-readable': [ '4.1.0' ],
49 silly audit   perf_hooks: [ '0.0.1' ],
49 silly audit   'performance-now': [ '2.1.0' ],
49 silly audit   phin: [ '2.9.3' ],
49 silly audit   'real-require': [ '0.2.0', '0.1.0' ],
49 silly audit   pixelmatch: [ '4.0.2' ],
49 silly audit   pngjs: [ '3.4.0', '5.0.0' ],
49 silly audit   'prelude-ls': [ '1.1.2' ],
49 silly audit   'prepend-http': [ '2.0.0' ],
49 silly audit   process: [ '0.11.10' ],
49 silly audit   'process-nextick-args': [ '2.0.1' ],
49 silly audit   'proxy-addr': [ '2.0.7' ],
49 silly audit   psl: [ '1.9.0' ],
49 silly audit   pump: [ '3.0.0' ],
49 silly audit   punycode: [ '2.1.1' ],
49 silly audit   qrcode: [ '1.5.1' ],
49 silly audit   'qrcode-terminal': [ '0.12.0' ],
49 silly audit   'wrap-ansi': [ '6.2.0', '7.0.0' ],
49 silly audit   y18n: [ '4.0.3', '5.0.8' ],
49 silly audit   yargs: [ '15.4.1', '17.6.2' ],
49 silly audit   'yargs-parser': [ '18.1.3', '21.1.1' ],
49 silly audit   qs: [ '6.11.0', '6.5.3' ],
49 silly audit   querystringify: [ '2.2.0' ],
49 silly audit   'quick-format-unescaped': [ '4.0.4' ],
49 silly audit   'quick-lru': [ '5.1.1' ],
49 silly audit   'ra-api': [ '1.3.2' ],
49 silly audit   'range-parser': [ '1.2.1' ],
49 silly audit   'raw-body': [ '2.5.1' ],
49 silly audit   'readable-web-to-node-stream': [ '3.0.2' ],
49 silly audit   redstar: [ '0.0.2' ],
49 silly audit   'regenerator-runtime': [ '0.13.11' ],
49 silly audit   'remove.bg': [ '1.3.0' ],
49 silly audit   request: [ '2.88.2' ],
49 silly audit   'tough-cookie': [ '2.5.0', '4.1.2' ],
49 silly audit   uuid: [ '3.4.0', '8.3.2' ],
49 silly audit   'require-directory': [ '2.1.1' ],
49 silly audit   'require-main-filename': [ '2.0.0' ],
49 silly audit   'requires-port': [ '1.0.0' ],
49 silly audit   'resolve-alpn': [ '1.2.1' ],
49 silly audit   'restore-cursor': [ '3.1.0' ],
49 silly audit   'safe-stable-stringify': [ '2.4.2' ],
49 silly audit   'safer-buffer': [ '2.1.2' ],
49 silly audit   sax: [ '1.2.4' ],
49 silly audit   saxes: [ '5.0.1' ],
49 silly audit   'scrape-primbon': [ '1.1.0' ],
49 silly audit   semver: [ '6.3.0' ],
49 silly audit   send: [ '0.18.0' ],
49 silly audit   'serve-static': [ '1.15.0' ],
49 silly audit   'set-blocking': [ '2.0.0' ],
49 silly audit   setprototypeof: [ '1.2.0' ],
49 silly audit   'side-channel': [ '1.0.4' ],
49 silly audit   'signal-exit': [ '3.0.7' ],
49 silly audit   'source-map': [ '0.6.1' ],
49 silly audit   split2: [ '4.1.0' ],
49 silly audit   sshpk: [ '1.17.0' ],
49 silly audit   statuses: [ '2.0.1' ],
49 silly audit   'stream-shift': [ '1.0.1' ],
49 silly audit   strtok3: [ '6.3.0' ],
49 silly audit   'symbol-tree': [ '3.2.4' ],
49 silly audit   'timers-ext': [ '0.1.7' ],
49 silly audit   timm: [ '1.7.1' ],
49 silly audit   tinycolor2: [ '1.5.2' ],
49 silly audit   'to-readable-stream': [ '1.0.0' ],
49 silly audit   toidentifier: [ '1.0.1' ],
49 silly audit   'token-types': [ '4.2.1' ],
49 silly audit   ttys: [ '0.0.3' ],
49 silly audit   'tunnel-agent': [ '0.6.0' ],
49 silly audit   tweetnacl: [ '0.14.5' ],
49 silly audit   'type-check': [ '0.3.2' ],
49 silly audit   'type-is': [ '1.6.18' ],
49 silly audit   'typedarray-to-buffer': [ '3.1.5' ],
49 silly audit   typical: [ '4.0.0' ],
49 silly audit   'unique-string': [ '2.0.0' ],
49 silly audit   unirest: [ '0.6.0' ],
49 silly audit   universalify: [ '0.2.0' ],
49 silly audit   unpipe: [ '1.0.0' ],
49 silly audit   'uri-js': [ '4.4.1' ],
49 silly audit   'url-parse': [ '1.5.10' ],
49 silly audit   'url-parse-lax': [ '3.0.0' ],
49 silly audit   utif: [ '2.0.1' ],
49 silly audit   'util-deprecate': [ '1.0.2' ],
49 silly audit   'utils-merge': [ '1.0.1' ],
49 silly audit   vary: [ '1.1.2' ],
49 silly audit   verror: [ '1.10.0' ],
49 silly audit   'w3c-hr-time': [ '1.0.2' ],
49 silly audit   'w3c-xmlserializer': [ '2.0.0' ],
49 silly audit   wcwidth: [ '1.0.1' ],
49 silly audit   'whatwg-encoding': [ '1.0.5' ],
49 silly audit   'whatwg-mimetype': [ '2.3.0' ],
49 silly audit   which: [ '1.3.1' ],
49 silly audit   'which-module': [ '2.0.0' ],
49 silly audit   'which-typed-array': [ '1.1.9' ],
49 silly audit   'word-wrap': [ '1.2.3' ],
49 silly audit   wrappy: [ '1.0.2' ],
49 silly audit   'write-file-atomic': [ '3.0.3' ],
49 silly audit   'xdg-basedir': [ '4.0.0' ],
49 silly audit   'xfarr-api': [ '1.0.3' ],
49 silly audit   xhr: [ '2.6.0' ],
49 silly audit   'xml-name-validator': [ '3.0.0' ],
49 silly audit   'xml-parse-from-string': [ '1.0.1' ],
49 silly audit   xml2js: [ '0.4.23' ],
49 silly audit   xmlbuilder: [ '11.0.1' ],
49 silly audit   xmlchars: [ '2.2.0' ],
49 silly audit   xtend: [ '4.0.2' ],
49 silly audit   'yt-search': [ '2.10.3' ]
49 silly audit }
50 timing reify:unpack Completed in 7ms
51 timing reify:unretire Completed in 0ms
52 timing build:queue Completed in 0ms
53 timing build:deps Completed in 1ms
54 timing build Completed in 1ms
55 timing reify:build Completed in 2ms
56 timing reify:trash Completed in 0ms
57 timing reify:save Completed in 530ms
58 http fetch POST 200 https://registry.npmjs.org/-/npm/v1/security/advisories/bulk 1415ms
59 timing auditReport:getReport Completed in 1429ms
60 silly audit report {
60 silly audit report   got: [
60 silly audit report     {
60 silly audit report       id: 1088468,
60 silly audit report       url: 'https://github.com/advisories/GHSA-pfrx-2q88-qq97',
60 silly audit report       title: 'Got allows a redirect to a UNIX socket',
60 silly audit report       severity: 'moderate',
60 silly audit report       vulnerable_versions: '<11.8.5',
60 silly audit report       cwe: [],
60 silly audit report       cvss: [Object]
60 silly audit report     }
60 silly audit report   ]
60 silly audit report }
61 timing metavuln:cache:get:security-advisory:got:JaVry6zEdW1jmXXKaHjkG967ogCGgr/Y/FjTKhmGkz49N9AsbHdfHdmuVXybjPNpVTrtEWVGFhwnNoo5C03ExA== Completed in 86ms
62 http fetch GET 200 https://registry.npmjs.org/got 113ms (cache hit)
63 timing metavuln:packument:got Completed in 124ms
64 timing metavuln:load:security-advisory:got:1088468 Completed in 3ms
65 timing metavuln:calculate:security-advisory:got:1088468 Completed in 192ms
66 timing metavuln:cache:get:security-advisory:@vitalets/google-translate-api:+Drqq/fMwq5ya5Nc8ji6LSl39xnnv9zf+blkdh47y2O57yqOqf9RHTAvvSEQDF3f/gBZWWy24yyWFmosEtaNwA== Completed in 75ms
67 http fetch GET 200 https://registry.npmjs.org/@vitalets%2fgoogle-translate-api 281ms (cache hit)
68 timing metavuln:packument:@vitalets/google-translate-api Completed in 282ms
69 timing metavuln:load:security-advisory:@vitalets/google-translate-api:JaVry6zEdW1jmXXKaHjkG967ogCGgr/Y/FjTKhmGkz49N9AsbHdfHdmuVXybjPNpVTrtEWVGFhwnNoo5C03ExA== Completed in 1ms
70 timing metavuln:calculate:security-advisory:@vitalets/google-translate-api:JaVry6zEdW1jmXXKaHjkG967ogCGgr/Y/FjTKhmGkz49N9AsbHdfHdmuVXybjPNpVTrtEWVGFhwnNoo5C03ExA== Completed in 284ms
71 timing auditReport:init Completed in 487ms
72 timing reify:audit Completed in 1919ms
73 timing reify Completed in 6423ms
74 timing command:install Completed in 6610ms
75 verbose exit 0
76 timing npm Completed in 7304ms
77 info ok
